#! /usr/bin/vvp
:ivl_version "11.0 (stable)";
:ivl_delay_selection "TYPICAL";
:vpi_time_precision - 9;
:vpi_module "/usr/lib/x86_64-linux-gnu/ivl/system.vpi";
:vpi_module "/usr/lib/x86_64-linux-gnu/ivl/vhdl_sys.vpi";
:vpi_module "/usr/lib/x86_64-linux-gnu/ivl/vhdl_textio.vpi";
:vpi_module "/usr/lib/x86_64-linux-gnu/ivl/v2005_math.vpi";
:vpi_module "/usr/lib/x86_64-linux-gnu/ivl/va_math.vpi";
S_0x55a37571bfb0 .scope module, "Project_tb" "Project_tb" 2 3;
 .timescale -9 -9;
v0x55a375750970_0 .var "InA", 7 0;
v0x55a375750a50_0 .var "InB", 7 0;
v0x55a375750b10_0 .net "IsDone", 0 0, L_0x55a375752120;  1 drivers
v0x55a375750bb0_0 .var "btnL", 0 0;
v0x55a375750c50_0 .var "btnR", 0 0;
v0x55a375750cf0_0 .var "btnStart", 0 0;
v0x55a375750d90_0 .var "clk", 0 0;
v0x55a375750e30_0 .net "enables", 3 0, v0x55a37574f5a0_0;  1 drivers
v0x55a375750f20_0 .var/i "i", 31 0;
v0x55a375751000_0 .net "segments", 6 0, v0x55a37574f680_0;  1 drivers
S_0x55a3757019d0 .scope module, "utd" "Project" 2 10, 3 3 0, S_0x55a37571bfb0;
 .timescale -9 -9;
    .port_info 0 /INPUT 1 "clk";
    .port_info 1 /INPUT 1 "btnStart";
    .port_info 2 /INPUT 1 "btnL";
    .port_info 3 /INPUT 1 "btnR";
    .port_info 4 /INPUT 8 "InA";
    .port_info 5 /INPUT 8 "InB";
    .port_info 6 /OUTPUT 1 "IsDone";
    .port_info 7 /OUTPUT 4 "ssd_enables";
    .port_info 8 /OUTPUT 7 "ssd_segments";
L_0x55a375751db0 .functor AND 1, L_0x55a3757512a0, L_0x55a375752120, C4<1>, C4<1>;
v0x55a37574f7e0_0 .net "BtnL", 0 0, L_0x55a375751770;  1 drivers
v0x55a37574f8a0_0 .net "BtnR", 0 0, L_0x55a375751c60;  1 drivers
v0x55a37574f960_0 .net "BtnStart", 0 0, L_0x55a3757512a0;  1 drivers
v0x55a37574fa90_0 .net "Current_Digits", 15 0, L_0x55a3757530a0;  1 drivers
v0x55a37574fb30_0 .net "Digits", 19 0, v0x55a3756fe410_0;  1 drivers
v0x55a37574fc70_0 .net "InA", 7 0, v0x55a375750970_0;  1 drivers
v0x55a37574fd80_0 .net "InB", 7 0, v0x55a375750a50_0;  1 drivers
v0x55a37574fe90_0 .net "IsDone", 0 0, L_0x55a375752120;  alias, 1 drivers
v0x55a37574ff80_0 .net "IsNeg", 0 0, v0x55a375744550_0;  1 drivers
v0x55a3757500b0_0 .net "btnL", 0 0, v0x55a375750bb0_0;  1 drivers
v0x55a375750150_0 .net "btnR", 0 0, v0x55a375750c50_0;  1 drivers
v0x55a375750240_0 .net "btnStart", 0 0, v0x55a375750cf0_0;  1 drivers
v0x55a375750330_0 .net "clk", 0 0, v0x55a375750d90_0;  1 drivers
v0x55a3757503d0_0 .net "clk_out", 0 0, v0x55a375746510_0;  1 drivers
v0x55a375750470_0 .net "product", 15 0, v0x55a375744f10_0;  1 drivers
v0x55a375750530_0 .net "ssd_enables", 3 0, v0x55a37574f5a0_0;  alias, 1 drivers
v0x55a3757505f0_0 .net "ssd_segments", 6 0, v0x55a37574f680_0;  alias, 1 drivers
v0x55a3757507a0_0 .net "start", 0 0, L_0x55a375751db0;  1 drivers
S_0x55a37570a530 .scope module, "BCD" "Binary_to_BCD" 3 20, 4 3 0, S_0x55a3757019d0;
 .timescale -9 -9;
    .port_info 0 /INPUT 16 "bin";
    .port_info 1 /OUTPUT 20 "bcd";
v0x55a3756fe410_0 .var "bcd", 19 0;
v0x55a375714420_0 .net "bin", 15 0, v0x55a375744f10_0;  alias, 1 drivers
v0x55a375714f30_0 .var/i "i", 31 0;
E_0x55a37566b460 .event edge, v0x55a3756fe410_0, v0x55a375714420_0;
S_0x55a375741b60 .scope module, "multiplier" "Signed_Sequential_Multiplier" 3 19, 5 3 0, S_0x55a3757019d0;
 .timescale -9 -9;
    .port_info 0 /INPUT 1 "clk";
    .port_info 1 /INPUT 1 "start";
    .port_info 2 /INPUT 8 "InA";
    .port_info 3 /INPUT 8 "InB";
    .port_info 4 /OUTPUT 1 "IsDone";
    .port_info 5 /OUTPUT 1 "IsNeg";
    .port_info 6 /OUTPUT 16 "product";
v0x55a3757450e0_0 .net "InA", 7 0, v0x55a375750970_0;  alias, 1 drivers
v0x55a3757451f0_0 .net "InB", 7 0, v0x55a375750a50_0;  alias, 1 drivers
v0x55a3757452c0_0 .net "IsDone", 0 0, L_0x55a375752120;  alias, 1 drivers
v0x55a3757453c0_0 .net "IsNeg", 0 0, v0x55a375744550_0;  alias, 1 drivers
v0x55a375745490_0 .net "SA", 1 0, v0x55a375715910_0;  1 drivers
v0x55a375745580_0 .net "SB", 1 0, v0x55a3757164a0_0;  1 drivers
v0x55a375745670_0 .net "SC", 1 0, v0x55a37570fa60_0;  1 drivers
v0x55a375745760_0 .net "SNeg", 0 0, L_0x55a375752230;  1 drivers
v0x55a375745850_0 .net "clk", 0 0, v0x55a375750d90_0;  alias, 1 drivers
v0x55a3757458f0_0 .net "product", 15 0, v0x55a375744f10_0;  alias, 1 drivers
v0x55a3757459e0_0 .net "start", 0 0, L_0x55a3757512a0;  alias, 1 drivers
S_0x55a375741df0 .scope module, "cu" "multiplier_CU" 5 6, 6 3 0, S_0x55a375741b60;
 .timescale -9 -9;
    .port_info 0 /INPUT 1 "clk";
    .port_info 1 /INPUT 1 "start";
    .port_info 2 /OUTPUT 2 "SA";
    .port_info 3 /OUTPUT 2 "SB";
    .port_info 4 /OUTPUT 2 "SC";
    .port_info 5 /OUTPUT 1 "isDone";
    .port_info 6 /OUTPUT 1 "SNeg";
P_0x55a375741fd0 .param/l "SALoad" 1 6 35, C4<00>;
P_0x55a375742010 .param/l "SASHL" 1 6 35, C4<10>;
P_0x55a375742050 .param/l "SASHR" 1 6 35, C4<01>;
P_0x55a375742090 .param/l "SAStore" 1 6 35, C4<11>;
P_0x55a3757420d0 .param/l "SBLoad" 1 6 36, C4<00>;
P_0x55a375742110 .param/l "SBSHL" 1 6 36, C4<10>;
P_0x55a375742150 .param/l "SBSHR" 1 6 36, C4<01>;
P_0x55a375742190 .param/l "SBStore" 1 6 36, C4<11>;
P_0x55a3757421d0 .param/l "SCStore" 1 6 37, C4<00>;
P_0x55a375742210 .param/l "SCacc" 1 6 37, C4<01>;
P_0x55a375742250 .param/l "SCclr" 1 6 37, C4<10>;
P_0x55a375742290 .param/l "endState" 1 6 8, C4<1000>;
P_0x55a3757422d0 .param/l "idleState" 1 6 8, C4<1001>;
P_0x55a375742310 .param/l "initState" 1 6 8, C4<1010>;
L_0x55a375752120 .functor OR 1, L_0x55a375751f00, L_0x55a375752030, C4<0>, C4<0>;
v0x55a375715910_0 .var "SA", 1 0;
v0x55a3757164a0_0 .var "SB", 1 0;
v0x55a37570fa60_0 .var "SC", 1 0;
v0x55a3757103d0_0 .net "SNeg", 0 0, L_0x55a375752230;  alias, 1 drivers
L_0x7f0040db7210 .functor BUFT 1, C4<1001>, C4<0>, C4<0>, C4<0>;
v0x55a375742bd0_0 .net/2u *"_ivl_0", 3 0, L_0x7f0040db7210;  1 drivers
L_0x7f0040db72a0 .functor BUFT 1, C4<1010>, C4<0>, C4<0>, C4<0>;
v0x55a375742d00_0 .net/2u *"_ivl_10", 3 0, L_0x7f0040db72a0;  1 drivers
v0x55a375742de0_0 .net *"_ivl_2", 0 0, L_0x55a375751f00;  1 drivers
L_0x7f0040db7258 .functor BUFT 1, C4<1000>, C4<0>, C4<0>, C4<0>;
v0x55a375742ea0_0 .net/2u *"_ivl_4", 3 0, L_0x7f0040db7258;  1 drivers
v0x55a375742f80_0 .net *"_ivl_6", 0 0, L_0x55a375752030;  1 drivers
v0x55a375743040_0 .net "clk", 0 0, v0x55a375750d90_0;  alias, 1 drivers
v0x55a375743100_0 .net "isDone", 0 0, L_0x55a375752120;  alias, 1 drivers
v0x55a3757431c0_0 .var "nextState", 3 0;
v0x55a3757432a0_0 .var "presentState", 3 0;
v0x55a375743380_0 .net "start", 0 0, L_0x55a3757512a0;  alias, 1 drivers
E_0x55a37572ed10 .event edge, v0x55a3757432a0_0;
E_0x55a37572eea0 .event posedge, v0x55a375743040_0;
E_0x55a375742a90 .event edge, v0x55a3757432a0_0, v0x55a375743380_0;
L_0x55a375751f00 .cmp/eq 4, v0x55a3757432a0_0, L_0x7f0040db7210;
L_0x55a375752030 .cmp/eq 4, v0x55a3757432a0_0, L_0x7f0040db7258;
L_0x55a375752230 .cmp/eq 4, v0x55a3757432a0_0, L_0x7f0040db72a0;
S_0x55a375743560 .scope module, "dp" "Multiplier_DataPath" 5 7, 7 3 0, S_0x55a375741b60;
 .timescale -9 -9;
    .port_info 0 /INPUT 1 "clk";
    .port_info 1 /INPUT 1 "SNeg";
    .port_info 2 /INPUT 2 "SA";
    .port_info 3 /INPUT 2 "SB";
    .port_info 4 /INPUT 2 "SC";
    .port_info 5 /INPUT 8 "InA";
    .port_info 6 /INPUT 8 "InB";
    .port_info 7 /OUTPUT 1 "IsNeg";
    .port_info 8 /OUTPUT 16 "product";
P_0x55a375743710 .param/l "SALoad" 1 7 16, C4<00>;
P_0x55a375743750 .param/l "SASHL" 1 7 16, C4<10>;
P_0x55a375743790 .param/l "SASHR" 1 7 16, C4<01>;
P_0x55a3757437d0 .param/l "SAStore" 1 7 16, C4<11>;
P_0x55a375743810 .param/l "SBLoad" 1 7 17, C4<00>;
P_0x55a375743850 .param/l "SBSHL" 1 7 17, C4<10>;
P_0x55a375743890 .param/l "SBSHR" 1 7 17, C4<01>;
P_0x55a3757438d0 .param/l "SBStore" 1 7 17, C4<11>;
P_0x55a375743910 .param/l "SCStore" 1 7 18, C4<00>;
P_0x55a375743950 .param/l "SCacc" 1 7 18, C4<01>;
P_0x55a375743990 .param/l "SCclr" 1 7 18, C4<10>;
v0x55a375743fe0_0 .var "A", 15 0;
v0x55a3757440c0_0 .net "AbsA", 7 0, L_0x55a375752560;  1 drivers
v0x55a3757441a0_0 .net "AbsB", 7 0, L_0x55a3757528a0;  1 drivers
v0x55a375744260_0 .var "B", 15 0;
v0x55a375744340_0 .net "InA", 7 0, v0x55a375750970_0;  alias, 1 drivers
v0x55a375744470_0 .net "InB", 7 0, v0x55a375750a50_0;  alias, 1 drivers
v0x55a375744550_0 .var "IsNeg", 0 0;
v0x55a375744610_0 .net "SA", 1 0, v0x55a375715910_0;  alias, 1 drivers
v0x55a3757446d0_0 .net "SB", 1 0, v0x55a3757164a0_0;  alias, 1 drivers
v0x55a375744800_0 .net "SC", 1 0, v0x55a37570fa60_0;  alias, 1 drivers
v0x55a3757448a0_0 .net "SNeg", 0 0, L_0x55a375752230;  alias, 1 drivers
v0x55a375744940_0 .net *"_ivl_1", 0 0, L_0x55a375752320;  1 drivers
L_0x7f0040db7330 .functor BUFT 1, C4<00000000>, C4<0>, C4<0>, C4<0>;
v0x55a3757449e0_0 .net *"_ivl_10", 7 0, L_0x7f0040db7330;  1 drivers
v0x55a375744ac0_0 .net *"_ivl_13", 7 0, L_0x55a375752800;  1 drivers
L_0x7f0040db72e8 .functor BUFT 1, C4<00000000>, C4<0>, C4<0>, C4<0>;
v0x55a375744ba0_0 .net *"_ivl_2", 7 0, L_0x7f0040db72e8;  1 drivers
v0x55a375744c80_0 .net *"_ivl_5", 7 0, L_0x55a375752450;  1 drivers
v0x55a375744d60_0 .net *"_ivl_9", 0 0, L_0x55a3757526a0;  1 drivers
v0x55a375744e40_0 .net "clk", 0 0, v0x55a375750d90_0;  alias, 1 drivers
v0x55a375744f10_0 .var "product", 15 0;
L_0x55a375752320 .part v0x55a375750970_0, 7, 1;
L_0x55a375752450 .arith/sub 8, L_0x7f0040db72e8, v0x55a375750970_0;
L_0x55a375752560 .functor MUXZ 8, v0x55a375750970_0, L_0x55a375752450, L_0x55a375752320, C4<>;
L_0x55a3757526a0 .part v0x55a375750a50_0, 7, 1;
L_0x55a375752800 .arith/sub 8, L_0x7f0040db7330, v0x55a375750a50_0;
L_0x55a3757528a0 .functor MUXZ 8, v0x55a375750a50_0, L_0x55a375752800, L_0x55a3757526a0, C4<>;
S_0x55a375745b40 .scope module, "new_clk" "clock_divider" 3 5, 8 3 0, S_0x55a3757019d0;
 .timescale -9 -9;
    .port_info 0 /INPUT 1 "clk_in";
    .port_info 1 /OUTPUT 1 "clk_out";
P_0x55a375745d20 .param/l "n" 0 8 8, +C4<00000000000000000000000000000001>;
v0x55a375746470_0 .net "clk_in", 0 0, v0x55a375750d90_0;  alias, 1 drivers
v0x55a375746510_0 .var "clk_out", 0 0;
v0x55a3757465d0_0 .net "count", 31 0, v0x55a375746270_0;  1 drivers
L_0x7f0040db7018 .functor BUFT 1, C4<1>, C4<0>, C4<0>, C4<0>;
v0x55a3757466d0_0 .net "en", 0 0, L_0x7f0040db7018;  1 drivers
S_0x55a375745e50 .scope module, "clk_counter" "mod_n_counter" 8 14, 9 3 0, S_0x55a375745b40;
 .timescale -9 -9;
    .port_info 0 /INPUT 1 "clk";
    .port_info 1 /INPUT 1 "en";
    .port_info 2 /OUTPUT 32 "count_out";
P_0x55a37566c620 .param/l "bits" 0 9 8, +C4<00000000000000000000000000100000>;
P_0x55a37566c660 .param/l "n" 0 9 8, +C4<00000000000000000000000000000001>;
P_0x55a37566c6a0 .param/l "rstLoad" 0 9 8, +C4<00000000000000000000000000000000>;
v0x55a3757461b0_0 .net "clk", 0 0, v0x55a375750d90_0;  alias, 1 drivers
v0x55a375746270_0 .var "count_out", 31 0;
v0x55a375746350_0 .net "en", 0 0, L_0x7f0040db7018;  alias, 1 drivers
S_0x55a3757467c0 .scope module, "pLeft" "push_button" 3 9, 10 3 0, S_0x55a3757019d0;
 .timescale -9 -9;
    .port_info 0 /INPUT 1 "clk";
    .port_info 1 /INPUT 1 "rst";
    .port_info 2 /INPUT 1 "SIG";
    .port_info 3 /OUTPUT 1 "SIG_out";
v0x55a375748540_0 .net "SIG", 0 0, v0x55a375750bb0_0;  alias, 1 drivers
v0x55a375748610_0 .net "SIG_out", 0 0, L_0x55a375751770;  alias, 1 drivers
v0x55a3757486e0_0 .net "clk", 0 0, v0x55a375746510_0;  alias, 1 drivers
v0x55a375748840_0 .net "debouncer_out", 0 0, L_0x55a375751420;  1 drivers
o0x7f004106f068 .functor BUFZ 1, C4<z>; HiZ drive
v0x55a3757488e0_0 .net "rst", 0 0, o0x7f004106f068;  0 drivers
v0x55a3757489d0_0 .net "sync_out", 0 0, v0x55a3757483a0_0;  1 drivers
S_0x55a375746980 .scope module, "debouncer" "debouncer" 10 5, 11 3 0, S_0x55a3757467c0;
 .timescale -9 -9;
    .port_info 0 /INPUT 1 "clk";
    .port_info 1 /INPUT 1 "in";
    .port_info 2 /OUTPUT 1 "out";
L_0x55a3757513b0 .functor AND 1, v0x55a375746fb0_0, v0x55a3757470a0_0, C4<1>, C4<1>;
L_0x55a375751420 .functor AND 1, L_0x55a3757513b0, v0x55a375747160_0, C4<1>, C4<1>;
v0x55a375746c50_0 .net *"_ivl_0", 0 0, L_0x55a3757513b0;  1 drivers
v0x55a375746d50_0 .net "clk", 0 0, v0x55a375746510_0;  alias, 1 drivers
v0x55a375746e40_0 .net "in", 0 0, v0x55a375750bb0_0;  alias, 1 drivers
v0x55a375746f10_0 .net "out", 0 0, L_0x55a375751420;  alias, 1 drivers
v0x55a375746fb0_0 .var "q1", 0 0;
v0x55a3757470a0_0 .var "q2", 0 0;
v0x55a375747160_0 .var "q3", 0 0;
E_0x55a375746bd0 .event posedge, v0x55a375746510_0;
S_0x55a3757472a0 .scope module, "rd" "rising_detector" 10 7, 12 3 0, S_0x55a3757467c0;
 .timescale -9 -9;
    .port_info 0 /INPUT 1 "clk";
    .port_info 1 /INPUT 1 "x";
    .port_info 2 /OUTPUT 1 "z";
P_0x55a375747480 .param/l "A" 1 12 8, C4<00>;
P_0x55a3757474c0 .param/l "B" 1 12 8, C4<01>;
P_0x55a375747500 .param/l "C" 1 12 8, C4<10>;
L_0x7f0040db7138 .functor BUFT 1, C4<1>, C4<0>, C4<0>, C4<0>;
L_0x55a3757516b0 .functor XNOR 1, v0x55a3757483a0_0, L_0x7f0040db7138, C4<0>, C4<0>;
L_0x55a375751770 .functor AND 1, L_0x55a375751510, L_0x55a3757516b0, C4<1>, C4<1>;
L_0x7f0040db70f0 .functor BUFT 1, C4<10>, C4<0>, C4<0>, C4<0>;
v0x55a375747770_0 .net/2u *"_ivl_0", 1 0, L_0x7f0040db70f0;  1 drivers
v0x55a375747870_0 .net *"_ivl_2", 0 0, L_0x55a375751510;  1 drivers
v0x55a375747930_0 .net/2u *"_ivl_4", 0 0, L_0x7f0040db7138;  1 drivers
v0x55a3757479f0_0 .net *"_ivl_6", 0 0, L_0x55a3757516b0;  1 drivers
v0x55a375747ab0_0 .net "clk", 0 0, v0x55a375746510_0;  alias, 1 drivers
v0x55a375747bf0_0 .var "next_state", 1 0;
v0x55a375747cd0_0 .var "state", 1 0;
v0x55a375747db0_0 .net "x", 0 0, v0x55a3757483a0_0;  alias, 1 drivers
v0x55a375747e70_0 .net "z", 0 0, L_0x55a375751770;  alias, 1 drivers
E_0x55a3757476f0 .event edge, v0x55a375747cd0_0, v0x55a375747db0_0;
L_0x55a375751510 .cmp/eq 2, v0x55a375747cd0_0, L_0x7f0040db70f0;
S_0x55a375748040 .scope module, "sync" "synchronizer" 10 6, 13 3 0, S_0x55a3757467c0;
 .timescale -9 -9;
    .port_info 0 /INPUT 1 "clk";
    .port_info 1 /INPUT 1 "SIG";
    .port_info 2 /OUTPUT 1 "SIG_1";
v0x55a375748220_0 .var "META", 0 0;
v0x55a3757482e0_0 .net "SIG", 0 0, L_0x55a375751420;  alias, 1 drivers
v0x55a3757483a0_0 .var "SIG_1", 0 0;
v0x55a3757484a0_0 .net "clk", 0 0, v0x55a375746510_0;  alias, 1 drivers
S_0x55a375748b00 .scope module, "pRight" "push_button" 3 10, 10 3 0, S_0x55a3757019d0;
 .timescale -9 -9;
    .port_info 0 /INPUT 1 "clk";
    .port_info 1 /INPUT 1 "rst";
    .port_info 2 /INPUT 1 "SIG";
    .port_info 3 /OUTPUT 1 "SIG_out";
v0x55a37574a7d0_0 .net "SIG", 0 0, v0x55a375750c50_0;  alias, 1 drivers
v0x55a37574a8a0_0 .net "SIG_out", 0 0, L_0x55a375751c60;  alias, 1 drivers
v0x55a37574a970_0 .net "clk", 0 0, v0x55a375746510_0;  alias, 1 drivers
v0x55a37574aa40_0 .net "debouncer_out", 0 0, L_0x55a375751930;  1 drivers
o0x7f004106f5d8 .functor BUFZ 1, C4<z>; HiZ drive
v0x55a37574ab30_0 .net "rst", 0 0, o0x7f004106f5d8;  0 drivers
v0x55a37574ac20_0 .net "sync_out", 0 0, v0x55a37574a660_0;  1 drivers
S_0x55a375748d30 .scope module, "debouncer" "debouncer" 10 5, 11 3 0, S_0x55a375748b00;
 .timescale -9 -9;
    .port_info 0 /INPUT 1 "clk";
    .port_info 1 /INPUT 1 "in";
    .port_info 2 /OUTPUT 1 "out";
L_0x55a3757518c0 .functor AND 1, v0x55a3757492a0_0, v0x55a3757493b0_0, C4<1>, C4<1>;
L_0x55a375751930 .functor AND 1, L_0x55a3757518c0, v0x55a375749470_0, C4<1>, C4<1>;
v0x55a375748fa0_0 .net *"_ivl_0", 0 0, L_0x55a3757518c0;  1 drivers
v0x55a3757490a0_0 .net "clk", 0 0, v0x55a375746510_0;  alias, 1 drivers
v0x55a375749160_0 .net "in", 0 0, v0x55a375750c50_0;  alias, 1 drivers
v0x55a375749200_0 .net "out", 0 0, L_0x55a375751930;  alias, 1 drivers
v0x55a3757492a0_0 .var "q1", 0 0;
v0x55a3757493b0_0 .var "q2", 0 0;
v0x55a375749470_0 .var "q3", 0 0;
S_0x55a3757495b0 .scope module, "rd" "rising_detector" 10 7, 12 3 0, S_0x55a375748b00;
 .timescale -9 -9;
    .port_info 0 /INPUT 1 "clk";
    .port_info 1 /INPUT 1 "x";
    .port_info 2 /OUTPUT 1 "z";
P_0x55a375749790 .param/l "A" 1 12 8, C4<00>;
P_0x55a3757497d0 .param/l "B" 1 12 8, C4<01>;
P_0x55a375749810 .param/l "C" 1 12 8, C4<10>;
L_0x7f0040db71c8 .functor BUFT 1, C4<1>, C4<0>, C4<0>, C4<0>;
L_0x55a375751b70 .functor XNOR 1, v0x55a37574a660_0, L_0x7f0040db71c8, C4<0>, C4<0>;
L_0x55a375751c60 .functor AND 1, L_0x55a375751a20, L_0x55a375751b70, C4<1>, C4<1>;
L_0x7f0040db7180 .functor BUFT 1, C4<10>, C4<0>, C4<0>, C4<0>;
v0x55a375749a80_0 .net/2u *"_ivl_0", 1 0, L_0x7f0040db7180;  1 drivers
v0x55a375749b80_0 .net *"_ivl_2", 0 0, L_0x55a375751a20;  1 drivers
v0x55a375749c40_0 .net/2u *"_ivl_4", 0 0, L_0x7f0040db71c8;  1 drivers
v0x55a375749d00_0 .net *"_ivl_6", 0 0, L_0x55a375751b70;  1 drivers
v0x55a375749dc0_0 .net "clk", 0 0, v0x55a375746510_0;  alias, 1 drivers
v0x55a375749eb0_0 .var "next_state", 1 0;
v0x55a375749f90_0 .var "state", 1 0;
v0x55a37574a070_0 .net "x", 0 0, v0x55a37574a660_0;  alias, 1 drivers
v0x55a37574a130_0 .net "z", 0 0, L_0x55a375751c60;  alias, 1 drivers
E_0x55a375749a00 .event edge, v0x55a375749f90_0, v0x55a37574a070_0;
L_0x55a375751a20 .cmp/eq 2, v0x55a375749f90_0, L_0x7f0040db7180;
S_0x55a37574a300 .scope module, "sync" "synchronizer" 10 6, 13 3 0, S_0x55a375748b00;
 .timescale -9 -9;
    .port_info 0 /INPUT 1 "clk";
    .port_info 1 /INPUT 1 "SIG";
    .port_info 2 /OUTPUT 1 "SIG_1";
v0x55a37574a4e0_0 .var "META", 0 0;
v0x55a37574a5a0_0 .net "SIG", 0 0, L_0x55a375751930;  alias, 1 drivers
v0x55a37574a660_0 .var "SIG_1", 0 0;
v0x55a37574a730_0 .net "clk", 0 0, v0x55a375746510_0;  alias, 1 drivers
S_0x55a37574ad50 .scope module, "pStart" "push_button" 3 8, 10 3 0, S_0x55a3757019d0;
 .timescale -9 -9;
    .port_info 0 /INPUT 1 "clk";
    .port_info 1 /INPUT 1 "rst";
    .port_info 2 /INPUT 1 "SIG";
    .port_info 3 /OUTPUT 1 "SIG_out";
v0x55a37574c970_0 .net "SIG", 0 0, v0x55a375750cf0_0;  alias, 1 drivers
v0x55a37574ca40_0 .net "SIG_out", 0 0, L_0x55a3757512a0;  alias, 1 drivers
v0x55a37574cae0_0 .net "clk", 0 0, v0x55a375746510_0;  alias, 1 drivers
v0x55a37574cbb0_0 .net "debouncer_out", 0 0, L_0x55a37570f930;  1 drivers
o0x7f004106fb18 .functor BUFZ 1, C4<z>; HiZ drive
v0x55a37574cca0_0 .net "rst", 0 0, o0x7f004106fb18;  0 drivers
v0x55a37574cd90_0 .net "sync_out", 0 0, v0x55a37574c800_0;  1 drivers
S_0x55a37574af30 .scope module, "debouncer" "debouncer" 10 5, 11 3 0, S_0x55a37574ad50;
 .timescale -9 -9;
    .port_info 0 /INPUT 1 "clk";
    .port_info 1 /INPUT 1 "in";
    .port_info 2 /OUTPUT 1 "out";
L_0x55a3757162c0 .functor AND 1, v0x55a37574b4a0_0, v0x55a37574b5b0_0, C4<1>, C4<1>;
L_0x55a37570f930 .functor AND 1, L_0x55a3757162c0, v0x55a37574b670_0, C4<1>, C4<1>;
v0x55a37574b1a0_0 .net *"_ivl_0", 0 0, L_0x55a3757162c0;  1 drivers
v0x55a37574b2a0_0 .net "clk", 0 0, v0x55a375746510_0;  alias, 1 drivers
v0x55a37574b360_0 .net "in", 0 0, v0x55a375750cf0_0;  alias, 1 drivers
v0x55a37574b400_0 .net "out", 0 0, L_0x55a37570f930;  alias, 1 drivers
v0x55a37574b4a0_0 .var "q1", 0 0;
v0x55a37574b5b0_0 .var "q2", 0 0;
v0x55a37574b670_0 .var "q3", 0 0;
S_0x55a37574b7b0 .scope module, "rd" "rising_detector" 10 7, 12 3 0, S_0x55a37574ad50;
 .timescale -9 -9;
    .port_info 0 /INPUT 1 "clk";
    .port_info 1 /INPUT 1 "x";
    .port_info 2 /OUTPUT 1 "z";
P_0x55a37574b990 .param/l "A" 1 12 8, C4<00>;
P_0x55a37574b9d0 .param/l "B" 1 12 8, C4<01>;
P_0x55a37574ba10 .param/l "C" 1 12 8, C4<10>;
L_0x7f0040db70a8 .functor BUFT 1, C4<1>, C4<0>, C4<0>, C4<0>;
L_0x55a375710270 .functor XNOR 1, v0x55a37574c800_0, L_0x7f0040db70a8, C4<0>, C4<0>;
L_0x55a3757512a0 .functor AND 1, L_0x55a375751160, L_0x55a375710270, C4<1>, C4<1>;
L_0x7f0040db7060 .functor BUFT 1, C4<10>, C4<0>, C4<0>, C4<0>;
v0x55a37574bc80_0 .net/2u *"_ivl_0", 1 0, L_0x7f0040db7060;  1 drivers
v0x55a37574bd80_0 .net *"_ivl_2", 0 0, L_0x55a375751160;  1 drivers
v0x55a37574be40_0 .net/2u *"_ivl_4", 0 0, L_0x7f0040db70a8;  1 drivers
v0x55a37574bf00_0 .net *"_ivl_6", 0 0, L_0x55a375710270;  1 drivers
v0x55a37574bfc0_0 .net "clk", 0 0, v0x55a375746510_0;  alias, 1 drivers
v0x55a37574c0b0_0 .var "next_state", 1 0;
v0x55a37574c190_0 .var "state", 1 0;
v0x55a37574c270_0 .net "x", 0 0, v0x55a37574c800_0;  alias, 1 drivers
v0x55a37574c330_0 .net "z", 0 0, L_0x55a3757512a0;  alias, 1 drivers
E_0x55a37574bc00 .event edge, v0x55a37574c190_0, v0x55a37574c270_0;
L_0x55a375751160 .cmp/eq 2, v0x55a37574c190_0, L_0x7f0040db7060;
S_0x55a37574c450 .scope module, "sync" "synchronizer" 10 6, 13 3 0, S_0x55a37574ad50;
 .timescale -9 -9;
    .port_info 0 /INPUT 1 "clk";
    .port_info 1 /INPUT 1 "SIG";
    .port_info 2 /OUTPUT 1 "SIG_1";
v0x55a37574c680_0 .var "META", 0 0;
v0x55a37574c740_0 .net "SIG", 0 0, L_0x55a37570f930;  alias, 1 drivers
v0x55a37574c800_0 .var "SIG_1", 0 0;
v0x55a37574c8d0_0 .net "clk", 0 0, v0x55a375746510_0;  alias, 1 drivers
S_0x55a37574cee0 .scope module, "shift" "DigitShifter" 3 21, 14 3 0, S_0x55a3757019d0;
 .timescale -9 -9;
    .port_info 0 /INPUT 1 "clk";
    .port_info 1 /INPUT 1 "init";
    .port_info 2 /INPUT 1 "BtnL";
    .port_info 3 /INPUT 1 "BtnR";
    .port_info 4 /INPUT 1 "IsNeg";
    .port_info 5 /INPUT 20 "Digits";
    .port_info 6 /OUTPUT 16 "Digit_out";
L_0x55a3757524f0 .functor BUFZ 20, v0x55a3756fe410_0, C4<00000000000000000000>, C4<00000000000000000000>, C4<00000000000000000000>;
v0x55a37574d2c0_0 .net "BtnL", 0 0, L_0x55a375751770;  alias, 1 drivers
v0x55a37574d3d0_0 .net "BtnR", 0 0, L_0x55a375751c60;  alias, 1 drivers
v0x55a37574d4e0_0 .net "Digit_out", 15 0, L_0x55a3757530a0;  alias, 1 drivers
v0x55a37574d580 .array "Digit_out_Inside", 0 3, 3 0;
v0x55a37574d6c0_0 .net "Digits", 19 0, v0x55a3756fe410_0;  alias, 1 drivers
v0x55a37574d7d0 .array "DigitsInside", 0 4;
v0x55a37574d7d0_0 .net v0x55a37574d7d0 0, 3 0, L_0x55a375752f90; 1 drivers
v0x55a37574d7d0_1 .net v0x55a37574d7d0 1, 3 0, L_0x55a375752e30; 1 drivers
v0x55a37574d7d0_2 .net v0x55a37574d7d0 2, 3 0, L_0x55a375752d60; 1 drivers
v0x55a37574d7d0_3 .net v0x55a37574d7d0 3, 3 0, L_0x55a375752c40; 1 drivers
v0x55a37574d7d0_4 .net v0x55a37574d7d0 4, 3 0, L_0x55a375752ba0; 1 drivers
v0x55a37574d910_0 .net "IsNeg", 0 0, v0x55a375744550_0;  alias, 1 drivers
L_0x7f0040db7378 .functor BUFT 1, C4<1010>, C4<0>, C4<0>, C4<0>;
v0x55a37574da00_0 .net/2u *"_ivl_0", 3 0, L_0x7f0040db7378;  1 drivers
v0x55a37574dae0_0 .net *"_ivl_18", 19 0, L_0x55a3757524f0;  1 drivers
L_0x7f0040db73c0 .functor BUFT 1, C4<1011>, C4<0>, C4<0>, C4<0>;
v0x55a37574dc50_0 .net/2u *"_ivl_2", 3 0, L_0x7f0040db73c0;  1 drivers
v0x55a37574dd30_0 .net "clk", 0 0, v0x55a375746510_0;  alias, 1 drivers
v0x55a37574ddd0_0 .net "init", 0 0, L_0x55a375751db0;  alias, 1 drivers
v0x55a37574de90_0 .var "nextState", 1 0;
v0x55a37574df70_0 .net "signDigit", 3 0, L_0x55a375752a20;  1 drivers
v0x55a37574e050_0 .var "state", 1 0;
E_0x55a37574d1b0/0 .event edge, v0x55a37574e050_0, v0x55a37574df70_0, v0x55a37574d7d0_0, v0x55a37574d7d0_1;
E_0x55a37574d1b0/1 .event edge, v0x55a37574d7d0_2, v0x55a37574d7d0_3, v0x55a37574d7d0_4;
E_0x55a37574d1b0 .event/or E_0x55a37574d1b0/0, E_0x55a37574d1b0/1;
E_0x55a37574d250 .event edge, v0x55a37574ddd0_0, v0x55a37574a130_0, v0x55a37574e050_0, v0x55a375747e70_0;
L_0x55a375752a20 .functor MUXZ 4, L_0x7f0040db73c0, L_0x7f0040db7378, v0x55a375744550_0, C4<>;
L_0x55a375752ba0 .part L_0x55a3757524f0, 16, 4;
L_0x55a375752c40 .part L_0x55a3757524f0, 12, 4;
L_0x55a375752d60 .part L_0x55a3757524f0, 8, 4;
L_0x55a375752e30 .part L_0x55a3757524f0, 4, 4;
L_0x55a375752f90 .part L_0x55a3757524f0, 0, 4;
v0x55a37574d580_0 .array/port v0x55a37574d580, 0;
v0x55a37574d580_1 .array/port v0x55a37574d580, 1;
v0x55a37574d580_2 .array/port v0x55a37574d580, 2;
v0x55a37574d580_3 .array/port v0x55a37574d580, 3;
L_0x55a3757530a0 .concat [ 4 4 4 4], v0x55a37574d580_0, v0x55a37574d580_1, v0x55a37574d580_2, v0x55a37574d580_3;
S_0x55a37574e250 .scope module, "ssdrender" "SSD_render" 3 22, 15 3 0, S_0x55a3757019d0;
 .timescale -9 -9;
    .port_info 0 /INPUT 1 "clk";
    .port_info 1 /INPUT 16 "Digit";
    .port_info 2 /OUTPUT 4 "ssd_enables";
    .port_info 3 /OUTPUT 7 "ssd_segments";
P_0x55a37574e3e0 .param/l "BlankSegments" 1 15 39, C4<1111111>;
P_0x55a37574e420 .param/l "EightSegments" 1 15 39, C4<0000000>;
P_0x55a37574e460 .param/l "FiveSegments" 1 15 38, C4<0100100>;
P_0x55a37574e4a0 .param/l "FourSegments" 1 15 38, C4<1001100>;
P_0x55a37574e4e0 .param/l "NegativeSegments" 1 15 39, C4<1111110>;
P_0x55a37574e520 .param/l "NineSegments" 1 15 39, C4<0000100>;
P_0x55a37574e560 .param/l "OneSegments" 1 15 38, C4<1001111>;
P_0x55a37574e5a0 .param/l "SevenSegments" 1 15 39, C4<0001111>;
P_0x55a37574e5e0 .param/l "SixSegments" 1 15 39, C4<0100000>;
P_0x55a37574e620 .param/l "ThreeSegments" 1 15 38, C4<0000110>;
P_0x55a37574e660 .param/l "TwoSegments" 1 15 38, C4<0010010>;
P_0x55a37574e6a0 .param/l "ZeroSegments" 1 15 38, C4<0000001>;
P_0x55a37574e6e0 .param/l "digit0" 1 15 12, C4<1110>;
P_0x55a37574e720 .param/l "digit1" 1 15 12, C4<1101>;
P_0x55a37574e760 .param/l "digit2" 1 15 12, C4<1011>;
P_0x55a37574e7a0 .param/l "digit3" 1 15 12, C4<0111>;
L_0x55a375753600 .functor BUFZ 16, L_0x55a3757530a0, C4<0000000000000000>, C4<0000000000000000>, C4<0000000000000000>;
v0x55a37574f000_0 .net "Digit", 15 0, L_0x55a3757530a0;  alias, 1 drivers
v0x55a37574f0e0_0 .net *"_ivl_10", 15 0, L_0x55a375753600;  1 drivers
v0x55a37574f1a0_0 .net "clk", 0 0, v0x55a375746510_0;  alias, 1 drivers
v0x55a37574f240 .array "currentDigits", 0 3;
v0x55a37574f240_0 .net v0x55a37574f240 0, 3 0, L_0x55a375753470; 1 drivers
v0x55a37574f240_1 .net v0x55a37574f240 1, 3 0, L_0x55a3757533d0; 1 drivers
v0x55a37574f240_2 .net v0x55a37574f240 2, 3 0, L_0x55a375753300; 1 drivers
v0x55a37574f240_3 .net v0x55a37574f240 3, 3 0, L_0x55a375753200; 1 drivers
v0x55a37574f390_0 .var "next_ssd_enables", 3 0;
v0x55a37574f4c0_0 .var "selectedDigit", 3 0;
v0x55a37574f5a0_0 .var "ssd_enables", 3 0;
v0x55a37574f680_0 .var "ssd_segments", 6 0;
E_0x55a37574d0c0 .event edge, v0x55a37574f4c0_0;
E_0x55a37574ef30/0 .event edge, v0x55a37574f5a0_0, v0x55a37574f240_0, v0x55a37574f240_1, v0x55a37574f240_2;
E_0x55a37574ef30/1 .event edge, v0x55a37574f240_3;
E_0x55a37574ef30 .event/or E_0x55a37574ef30/0, E_0x55a37574ef30/1;
E_0x55a37574efa0 .event edge, v0x55a37574f5a0_0;
L_0x55a375753200 .part L_0x55a375753600, 12, 4;
L_0x55a375753300 .part L_0x55a375753600, 8, 4;
L_0x55a3757533d0 .part L_0x55a375753600, 4, 4;
L_0x55a375753470 .part L_0x55a375753600, 0, 4;
    .scope S_0x55a375745e50;
T_0 ;
    %pushi/vec4 0, 0, 32;
    %store/vec4 v0x55a375746270_0, 0, 32;
    %end;
    .thread T_0;
    .scope S_0x55a375745e50;
T_1 ;
    %wait E_0x55a37572eea0;
    %load/vec4 v0x55a375746270_0;
    %cmpi/e 0, 0, 32;
    %jmp/0xz  T_1.0, 4;
    %pushi/vec4 0, 0, 32;
    %assign/vec4 v0x55a375746270_0, 0;
    %jmp T_1.1;
T_1.0 ;
    %load/vec4 v0x55a375746270_0;
    %addi 1, 0, 32;
    %assign/vec4 v0x55a375746270_0, 0;
T_1.1 ;
    %jmp T_1;
    .thread T_1;
    .scope S_0x55a375745b40;
T_2 ;
    %pushi/vec4 0, 0, 1;
    %assign/vec4 v0x55a375746510_0, 0;
    %end;
    .thread T_2;
    .scope S_0x55a375745b40;
T_3 ;
    %wait E_0x55a37572eea0;
    %load/vec4 v0x55a3757465d0_0;
    %cmpi/e 0, 0, 32;
    %jmp/0xz  T_3.0, 4;
    %load/vec4 v0x55a375746510_0;
    %inv;
    %assign/vec4 v0x55a375746510_0, 0;
T_3.0 ;
    %jmp T_3;
    .thread T_3;
    .scope S_0x55a37574af30;
T_4 ;
    %pushi/vec4 0, 0, 1;
    %store/vec4 v0x55a37574b4a0_0, 0, 1;
    %pushi/vec4 0, 0, 1;
    %store/vec4 v0x55a37574b5b0_0, 0, 1;
    %pushi/vec4 0, 0, 1;
    %store/vec4 v0x55a37574b670_0, 0, 1;
    %end;
    .thread T_4;
    .scope S_0x55a37574af30;
T_5 ;
    %wait E_0x55a375746bd0;
    %load/vec4 v0x55a37574b360_0;
    %assign/vec4 v0x55a37574b4a0_0, 0;
    %load/vec4 v0x55a37574b4a0_0;
    %assign/vec4 v0x55a37574b5b0_0, 0;
    %load/vec4 v0x55a37574b5b0_0;
    %assign/vec4 v0x55a37574b670_0, 0;
    %jmp T_5;
    .thread T_5;
    .scope S_0x55a37574c450;
T_6 ;
    %pushi/vec4 0, 0, 1;
    %store/vec4 v0x55a37574c680_0, 0, 1;
    %pushi/vec4 0, 0, 1;
    %store/vec4 v0x55a37574c800_0, 0, 1;
    %end;
    .thread T_6;
    .scope S_0x55a37574c450;
T_7 ;
    %wait E_0x55a375746bd0;
    %load/vec4 v0x55a37574c740_0;
    %assign/vec4 v0x55a37574c680_0, 0;
    %load/vec4 v0x55a37574c680_0;
    %assign/vec4 v0x55a37574c800_0, 0;
    %jmp T_7;
    .thread T_7;
    .scope S_0x55a37574b7b0;
T_8 ;
    %pushi/vec4 0, 0, 2;
    %store/vec4 v0x55a37574c190_0, 0, 2;
    %end;
    .thread T_8;
    .scope S_0x55a37574b7b0;
T_9 ;
    %wait E_0x55a37574bc00;
    %load/vec4 v0x55a37574c190_0;
    %dup/vec4;
    %pushi/vec4 0, 0, 2;
    %cmp/u;
    %jmp/1 T_9.0, 6;
    %dup/vec4;
    %pushi/vec4 1, 0, 2;
    %cmp/u;
    %jmp/1 T_9.1, 6;
    %dup/vec4;
    %pushi/vec4 2, 0, 2;
    %cmp/u;
    %jmp/1 T_9.2, 6;
    %pushi/vec4 0, 0, 2;
    %store/vec4 v0x55a37574c0b0_0, 0, 2;
    %jmp T_9.4;
T_9.0 ;
    %load/vec4 v0x55a37574c270_0;
    %cmpi/e 0, 0, 1;
    %jmp/0xz  T_9.5, 4;
    %pushi/vec4 1, 0, 2;
    %store/vec4 v0x55a37574c0b0_0, 0, 2;
    %jmp T_9.6;
T_9.5 ;
    %pushi/vec4 0, 0, 2;
    %store/vec4 v0x55a37574c0b0_0, 0, 2;
T_9.6 ;
    %jmp T_9.4;
T_9.1 ;
    %load/vec4 v0x55a37574c270_0;
    %cmpi/e 0, 0, 1;
    %jmp/0xz  T_9.7, 4;
    %pushi/vec4 1, 0, 2;
    %store/vec4 v0x55a37574c0b0_0, 0, 2;
    %jmp T_9.8;
T_9.7 ;
    %pushi/vec4 2, 0, 2;
    %store/vec4 v0x55a37574c0b0_0, 0, 2;
T_9.8 ;
    %jmp T_9.4;
T_9.2 ;
    %load/vec4 v0x55a37574c270_0;
    %cmpi/e 0, 0, 1;
    %jmp/0xz  T_9.9, 4;
    %pushi/vec4 1, 0, 2;
    %store/vec4 v0x55a37574c0b0_0, 0, 2;
    %jmp T_9.10;
T_9.9 ;
    %pushi/vec4 0, 0, 2;
    %store/vec4 v0x55a37574c0b0_0, 0, 2;
T_9.10 ;
    %jmp T_9.4;
T_9.4 ;
    %pop/vec4 1;
    %jmp T_9;
    .thread T_9, $push;
    .scope S_0x55a37574b7b0;
T_10 ;
    %wait E_0x55a375746bd0;
    %load/vec4 v0x55a37574c0b0_0;
    %assign/vec4 v0x55a37574c190_0, 0;
    %jmp T_10;
    .thread T_10;
    .scope S_0x55a375746980;
T_11 ;
    %pushi/vec4 0, 0, 1;
    %store/vec4 v0x55a375746fb0_0, 0, 1;
    %pushi/vec4 0, 0, 1;
    %store/vec4 v0x55a3757470a0_0, 0, 1;
    %pushi/vec4 0, 0, 1;
    %store/vec4 v0x55a375747160_0, 0, 1;
    %end;
    .thread T_11;
    .scope S_0x55a375746980;
T_12 ;
    %wait E_0x55a375746bd0;
    %load/vec4 v0x55a375746e40_0;
    %assign/vec4 v0x55a375746fb0_0, 0;
    %load/vec4 v0x55a375746fb0_0;
    %assign/vec4 v0x55a3757470a0_0, 0;
    %load/vec4 v0x55a3757470a0_0;
    %assign/vec4 v0x55a375747160_0, 0;
    %jmp T_12;
    .thread T_12;
    .scope S_0x55a375748040;
T_13 ;
    %pushi/vec4 0, 0, 1;
    %store/vec4 v0x55a375748220_0, 0, 1;
    %pushi/vec4 0, 0, 1;
    %store/vec4 v0x55a3757483a0_0, 0, 1;
    %end;
    .thread T_13;
    .scope S_0x55a375748040;
T_14 ;
    %wait E_0x55a375746bd0;
    %load/vec4 v0x55a3757482e0_0;
    %assign/vec4 v0x55a375748220_0, 0;
    %load/vec4 v0x55a375748220_0;
    %assign/vec4 v0x55a3757483a0_0, 0;
    %jmp T_14;
    .thread T_14;
    .scope S_0x55a3757472a0;
T_15 ;
    %pushi/vec4 0, 0, 2;
    %store/vec4 v0x55a375747cd0_0, 0, 2;
    %end;
    .thread T_15;
    .scope S_0x55a3757472a0;
T_16 ;
    %wait E_0x55a3757476f0;
    %load/vec4 v0x55a375747cd0_0;
    %dup/vec4;
    %pushi/vec4 0, 0, 2;
    %cmp/u;
    %jmp/1 T_16.0, 6;
    %dup/vec4;
    %pushi/vec4 1, 0, 2;
    %cmp/u;
    %jmp/1 T_16.1, 6;
    %dup/vec4;
    %pushi/vec4 2, 0, 2;
    %cmp/u;
    %jmp/1 T_16.2, 6;
    %pushi/vec4 0, 0, 2;
    %store/vec4 v0x55a375747bf0_0, 0, 2;
    %jmp T_16.4;
T_16.0 ;
    %load/vec4 v0x55a375747db0_0;
    %cmpi/e 0, 0, 1;
    %jmp/0xz  T_16.5, 4;
    %pushi/vec4 1, 0, 2;
    %store/vec4 v0x55a375747bf0_0, 0, 2;
    %jmp T_16.6;
T_16.5 ;
    %pushi/vec4 0, 0, 2;
    %store/vec4 v0x55a375747bf0_0, 0, 2;
T_16.6 ;
    %jmp T_16.4;
T_16.1 ;
    %load/vec4 v0x55a375747db0_0;
    %cmpi/e 0, 0, 1;
    %jmp/0xz  T_16.7, 4;
    %pushi/vec4 1, 0, 2;
    %store/vec4 v0x55a375747bf0_0, 0, 2;
    %jmp T_16.8;
T_16.7 ;
    %pushi/vec4 2, 0, 2;
    %store/vec4 v0x55a375747bf0_0, 0, 2;
T_16.8 ;
    %jmp T_16.4;
T_16.2 ;
    %load/vec4 v0x55a375747db0_0;
    %cmpi/e 0, 0, 1;
    %jmp/0xz  T_16.9, 4;
    %pushi/vec4 1, 0, 2;
    %store/vec4 v0x55a375747bf0_0, 0, 2;
    %jmp T_16.10;
T_16.9 ;
    %pushi/vec4 0, 0, 2;
    %store/vec4 v0x55a375747bf0_0, 0, 2;
T_16.10 ;
    %jmp T_16.4;
T_16.4 ;
    %pop/vec4 1;
    %jmp T_16;
    .thread T_16, $push;
    .scope S_0x55a3757472a0;
T_17 ;
    %wait E_0x55a375746bd0;
    %load/vec4 v0x55a375747bf0_0;
    %assign/vec4 v0x55a375747cd0_0, 0;
    %jmp T_17;
    .thread T_17;
    .scope S_0x55a375748d30;
T_18 ;
    %pushi/vec4 0, 0, 1;
    %store/vec4 v0x55a3757492a0_0, 0, 1;
    %pushi/vec4 0, 0, 1;
    %store/vec4 v0x55a3757493b0_0, 0, 1;
    %pushi/vec4 0, 0, 1;
    %store/vec4 v0x55a375749470_0, 0, 1;
    %end;
    .thread T_18;
    .scope S_0x55a375748d30;
T_19 ;
    %wait E_0x55a375746bd0;
    %load/vec4 v0x55a375749160_0;
    %assign/vec4 v0x55a3757492a0_0, 0;
    %load/vec4 v0x55a3757492a0_0;
    %assign/vec4 v0x55a3757493b0_0, 0;
    %load/vec4 v0x55a3757493b0_0;
    %assign/vec4 v0x55a375749470_0, 0;
    %jmp T_19;
    .thread T_19;
    .scope S_0x55a37574a300;
T_20 ;
    %pushi/vec4 0, 0, 1;
    %store/vec4 v0x55a37574a4e0_0, 0, 1;
    %pushi/vec4 0, 0, 1;
    %store/vec4 v0x55a37574a660_0, 0, 1;
    %end;
    .thread T_20;
    .scope S_0x55a37574a300;
T_21 ;
    %wait E_0x55a375746bd0;
    %load/vec4 v0x55a37574a5a0_0;
    %assign/vec4 v0x55a37574a4e0_0, 0;
    %load/vec4 v0x55a37574a4e0_0;
    %assign/vec4 v0x55a37574a660_0, 0;
    %jmp T_21;
    .thread T_21;
    .scope S_0x55a3757495b0;
T_22 ;
    %pushi/vec4 0, 0, 2;
    %store/vec4 v0x55a375749f90_0, 0, 2;
    %end;
    .thread T_22;
    .scope S_0x55a3757495b0;
T_23 ;
    %wait E_0x55a375749a00;
    %load/vec4 v0x55a375749f90_0;
    %dup/vec4;
    %pushi/vec4 0, 0, 2;
    %cmp/u;
    %jmp/1 T_23.0, 6;
    %dup/vec4;
    %pushi/vec4 1, 0, 2;
    %cmp/u;
    %jmp/1 T_23.1, 6;
    %dup/vec4;
    %pushi/vec4 2, 0, 2;
    %cmp/u;
    %jmp/1 T_23.2, 6;
    %pushi/vec4 0, 0, 2;
    %store/vec4 v0x55a375749eb0_0, 0, 2;
    %jmp T_23.4;
T_23.0 ;
    %load/vec4 v0x55a37574a070_0;
    %cmpi/e 0, 0, 1;
    %jmp/0xz  T_23.5, 4;
    %pushi/vec4 1, 0, 2;
    %store/vec4 v0x55a375749eb0_0, 0, 2;
    %jmp T_23.6;
T_23.5 ;
    %pushi/vec4 0, 0, 2;
    %store/vec4 v0x55a375749eb0_0, 0, 2;
T_23.6 ;
    %jmp T_23.4;
T_23.1 ;
    %load/vec4 v0x55a37574a070_0;
    %cmpi/e 0, 0, 1;
    %jmp/0xz  T_23.7, 4;
    %pushi/vec4 1, 0, 2;
    %store/vec4 v0x55a375749eb0_0, 0, 2;
    %jmp T_23.8;
T_23.7 ;
    %pushi/vec4 2, 0, 2;
    %store/vec4 v0x55a375749eb0_0, 0, 2;
T_23.8 ;
    %jmp T_23.4;
T_23.2 ;
    %load/vec4 v0x55a37574a070_0;
    %cmpi/e 0, 0, 1;
    %jmp/0xz  T_23.9, 4;
    %pushi/vec4 1, 0, 2;
    %store/vec4 v0x55a375749eb0_0, 0, 2;
    %jmp T_23.10;
T_23.9 ;
    %pushi/vec4 0, 0, 2;
    %store/vec4 v0x55a375749eb0_0, 0, 2;
T_23.10 ;
    %jmp T_23.4;
T_23.4 ;
    %pop/vec4 1;
    %jmp T_23;
    .thread T_23, $push;
    .scope S_0x55a3757495b0;
T_24 ;
    %wait E_0x55a375746bd0;
    %load/vec4 v0x55a375749eb0_0;
    %assign/vec4 v0x55a375749f90_0, 0;
    %jmp T_24;
    .thread T_24;
    .scope S_0x55a375741df0;
T_25 ;
    %pushi/vec4 9, 0, 4;
    %store/vec4 v0x55a3757432a0_0, 0, 4;
    %end;
    .thread T_25;
    .scope S_0x55a375741df0;
T_26 ;
    %wait E_0x55a375742a90;
    %load/vec4 v0x55a3757432a0_0;
    %dup/vec4;
    %pushi/vec4 9, 0, 4;
    %cmp/u;
    %jmp/1 T_26.0, 6;
    %dup/vec4;
    %pushi/vec4 8, 0, 4;
    %cmp/u;
    %jmp/1 T_26.1, 6;
    %dup/vec4;
    %pushi/vec4 10, 0, 4;
    %cmp/u;
    %jmp/1 T_26.2, 6;
    %load/vec4 v0x55a3757432a0_0;
    %addi 1, 0, 4;
    %store/vec4 v0x55a3757431c0_0, 0, 4;
    %jmp T_26.4;
T_26.0 ;
    %load/vec4 v0x55a375743380_0;
    %flag_set/vec4 8;
    %jmp/0xz  T_26.5, 8;
    %pushi/vec4 10, 0, 4;
    %store/vec4 v0x55a3757431c0_0, 0, 4;
    %jmp T_26.6;
T_26.5 ;
    %pushi/vec4 9, 0, 4;
    %store/vec4 v0x55a3757431c0_0, 0, 4;
T_26.6 ;
    %jmp T_26.4;
T_26.1 ;
    %load/vec4 v0x55a375743380_0;
    %nor/r;
    %flag_set/vec4 8;
    %jmp/0xz  T_26.7, 8;
    %pushi/vec4 9, 0, 4;
    %store/vec4 v0x55a3757431c0_0, 0, 4;
    %jmp T_26.8;
T_26.7 ;
    %pushi/vec4 8, 0, 4;
    %store/vec4 v0x55a3757431c0_0, 0, 4;
T_26.8 ;
    %jmp T_26.4;
T_26.2 ;
    %pushi/vec4 0, 0, 4;
    %store/vec4 v0x55a3757431c0_0, 0, 4;
    %jmp T_26.4;
T_26.4 ;
    %pop/vec4 1;
    %jmp T_26;
    .thread T_26, $push;
    .scope S_0x55a375741df0;
T_27 ;
    %wait E_0x55a37572eea0;
    %load/vec4 v0x55a3757431c0_0;
    %assign/vec4 v0x55a3757432a0_0, 0;
    %jmp T_27;
    .thread T_27;
    .scope S_0x55a375741df0;
T_28 ;
    %wait E_0x55a37572ed10;
    %load/vec4 v0x55a3757432a0_0;
    %dup/vec4;
    %pushi/vec4 9, 0, 4;
    %cmp/u;
    %jmp/1 T_28.0, 6;
    %dup/vec4;
    %pushi/vec4 10, 0, 4;
    %cmp/u;
    %jmp/1 T_28.1, 6;
    %dup/vec4;
    %pushi/vec4 8, 0, 4;
    %cmp/u;
    %jmp/1 T_28.2, 6;
    %pushi/vec4 2, 0, 2;
    %store/vec4 v0x55a375715910_0, 0, 2;
    %jmp T_28.4;
T_28.0 ;
    %pushi/vec4 3, 0, 2;
    %store/vec4 v0x55a375715910_0, 0, 2;
    %jmp T_28.4;
T_28.1 ;
    %pushi/vec4 0, 0, 2;
    %store/vec4 v0x55a375715910_0, 0, 2;
    %jmp T_28.4;
T_28.2 ;
    %pushi/vec4 3, 0, 2;
    %store/vec4 v0x55a375715910_0, 0, 2;
    %jmp T_28.4;
T_28.4 ;
    %pop/vec4 1;
    %jmp T_28;
    .thread T_28, $push;
    .scope S_0x55a375741df0;
T_29 ;
    %wait E_0x55a37572ed10;
    %load/vec4 v0x55a3757432a0_0;
    %dup/vec4;
    %pushi/vec4 9, 0, 4;
    %cmp/u;
    %jmp/1 T_29.0, 6;
    %dup/vec4;
    %pushi/vec4 10, 0, 4;
    %cmp/u;
    %jmp/1 T_29.1, 6;
    %dup/vec4;
    %pushi/vec4 8, 0, 4;
    %cmp/u;
    %jmp/1 T_29.2, 6;
    %pushi/vec4 1, 0, 2;
    %store/vec4 v0x55a3757164a0_0, 0, 2;
    %jmp T_29.4;
T_29.0 ;
    %pushi/vec4 3, 0, 2;
    %store/vec4 v0x55a3757164a0_0, 0, 2;
    %jmp T_29.4;
T_29.1 ;
    %pushi/vec4 0, 0, 2;
    %store/vec4 v0x55a3757164a0_0, 0, 2;
    %jmp T_29.4;
T_29.2 ;
    %pushi/vec4 3, 0, 2;
    %store/vec4 v0x55a3757164a0_0, 0, 2;
    %jmp T_29.4;
T_29.4 ;
    %pop/vec4 1;
    %jmp T_29;
    .thread T_29, $push;
    .scope S_0x55a375741df0;
T_30 ;
    %wait E_0x55a37572ed10;
    %load/vec4 v0x55a3757432a0_0;
    %dup/vec4;
    %pushi/vec4 9, 0, 4;
    %cmp/u;
    %jmp/1 T_30.0, 6;
    %dup/vec4;
    %pushi/vec4 10, 0, 4;
    %cmp/u;
    %jmp/1 T_30.1, 6;
    %dup/vec4;
    %pushi/vec4 8, 0, 4;
    %cmp/u;
    %jmp/1 T_30.2, 6;
    %pushi/vec4 1, 0, 2;
    %store/vec4 v0x55a37570fa60_0, 0, 2;
    %jmp T_30.4;
T_30.0 ;
    %pushi/vec4 0, 0, 2;
    %store/vec4 v0x55a37570fa60_0, 0, 2;
    %jmp T_30.4;
T_30.1 ;
    %pushi/vec4 2, 0, 2;
    %store/vec4 v0x55a37570fa60_0, 0, 2;
    %jmp T_30.4;
T_30.2 ;
    %pushi/vec4 0, 0, 2;
    %store/vec4 v0x55a37570fa60_0, 0, 2;
    %jmp T_30.4;
T_30.4 ;
    %pop/vec4 1;
    %jmp T_30;
    .thread T_30, $push;
    .scope S_0x55a375743560;
T_31 ;
    %pushi/vec4 0, 0, 16;
    %store/vec4 v0x55a375743fe0_0, 0, 16;
    %pushi/vec4 0, 0, 16;
    %store/vec4 v0x55a375744260_0, 0, 16;
    %pushi/vec4 0, 0, 16;
    %store/vec4 v0x55a375744f10_0, 0, 16;
    %pushi/vec4 0, 0, 1;
    %store/vec4 v0x55a375744550_0, 0, 1;
    %end;
    .thread T_31;
    .scope S_0x55a375743560;
T_32 ;
    %wait E_0x55a37572eea0;
    %load/vec4 v0x55a375744610_0;
    %dup/vec4;
    %pushi/vec4 0, 0, 2;
    %cmp/u;
    %jmp/1 T_32.0, 6;
    %dup/vec4;
    %pushi/vec4 1, 0, 2;
    %cmp/u;
    %jmp/1 T_32.1, 6;
    %dup/vec4;
    %pushi/vec4 2, 0, 2;
    %cmp/u;
    %jmp/1 T_32.2, 6;
    %jmp T_32.4;
T_32.0 ;
    %pushi/vec4 0, 0, 8;
    %load/vec4 v0x55a3757440c0_0;
    %concat/vec4; draw_concat_vec4
    %assign/vec4 v0x55a375743fe0_0, 0;
    %jmp T_32.4;
T_32.1 ;
    %load/vec4 v0x55a375743fe0_0;
    %ix/load 4, 1, 0;
    %flag_set/imm 4, 0;
    %shiftr 4;
    %assign/vec4 v0x55a375743fe0_0, 0;
    %jmp T_32.4;
T_32.2 ;
    %load/vec4 v0x55a375743fe0_0;
    %ix/load 4, 1, 0;
    %flag_set/imm 4, 0;
    %shiftl 4;
    %assign/vec4 v0x55a375743fe0_0, 0;
    %jmp T_32.4;
T_32.4 ;
    %pop/vec4 1;
    %jmp T_32;
    .thread T_32;
    .scope S_0x55a375743560;
T_33 ;
    %wait E_0x55a37572eea0;
    %load/vec4 v0x55a3757446d0_0;
    %dup/vec4;
    %pushi/vec4 0, 0, 2;
    %cmp/u;
    %jmp/1 T_33.0, 6;
    %dup/vec4;
    %pushi/vec4 1, 0, 2;
    %cmp/u;
    %jmp/1 T_33.1, 6;
    %dup/vec4;
    %pushi/vec4 2, 0, 2;
    %cmp/u;
    %jmp/1 T_33.2, 6;
    %jmp T_33.4;
T_33.0 ;
    %pushi/vec4 0, 0, 8;
    %load/vec4 v0x55a3757441a0_0;
    %concat/vec4; draw_concat_vec4
    %assign/vec4 v0x55a375744260_0, 0;
    %jmp T_33.4;
T_33.1 ;
    %load/vec4 v0x55a375744260_0;
    %ix/load 4, 1, 0;
    %flag_set/imm 4, 0;
    %shiftr 4;
    %assign/vec4 v0x55a375744260_0, 0;
    %jmp T_33.4;
T_33.2 ;
    %load/vec4 v0x55a375744260_0;
    %ix/load 4, 1, 0;
    %flag_set/imm 4, 0;
    %shiftl 4;
    %assign/vec4 v0x55a375744260_0, 0;
    %jmp T_33.4;
T_33.4 ;
    %pop/vec4 1;
    %jmp T_33;
    .thread T_33;
    .scope S_0x55a375743560;
T_34 ;
    %wait E_0x55a37572eea0;
    %load/vec4 v0x55a375744800_0;
    %dup/vec4;
    %pushi/vec4 1, 0, 2;
    %cmp/u;
    %jmp/1 T_34.0, 6;
    %dup/vec4;
    %pushi/vec4 2, 0, 2;
    %cmp/u;
    %jmp/1 T_34.1, 6;
    %jmp T_34.3;
T_34.0 ;
    %load/vec4 v0x55a375744f10_0;
    %load/vec4 v0x55a375744260_0;
    %parti/s 1, 0, 2;
    %flag_set/vec4 8;
    %jmp/0 T_34.4, 8;
    %load/vec4 v0x55a375743fe0_0;
    %jmp/1 T_34.5, 8;
T_34.4 ; End of true expr.
    %pushi/vec4 0, 0, 16;
    %jmp/0 T_34.5, 8;
 ; End of false expr.
    %blend;
T_34.5;
    %add;
    %assign/vec4 v0x55a375744f10_0, 0;
    %jmp T_34.3;
T_34.1 ;
    %pushi/vec4 0, 0, 16;
    %assign/vec4 v0x55a375744f10_0, 0;
    %jmp T_34.3;
T_34.3 ;
    %pop/vec4 1;
    %jmp T_34;
    .thread T_34;
    .scope S_0x55a375743560;
T_35 ;
    %wait E_0x55a37572eea0;
    %load/vec4 v0x55a3757448a0_0;
    %flag_set/vec4 8;
    %jmp/0xz  T_35.0, 8;
    %load/vec4 v0x55a375744340_0;
    %parti/s 1, 7, 4;
    %load/vec4 v0x55a375744470_0;
    %parti/s 1, 7, 4;
    %xor;
    %load/vec4 v0x55a375744340_0;
    %pad/u 32;
    %pushi/vec4 0, 0, 32;
    %cmp/e;
    %flag_get/vec4 4;
    %inv;
    %and;
    %load/vec4 v0x55a375744470_0;
    %pad/u 32;
    %pushi/vec4 0, 0, 32;
    %cmp/e;
    %flag_get/vec4 4;
    %inv;
    %and;
    %assign/vec4 v0x55a375744550_0, 0;
T_35.0 ;
    %jmp T_35;
    .thread T_35;
    .scope S_0x55a37570a530;
T_36 ;
    %wait E_0x55a37566b460;
    %pushi/vec4 0, 0, 20;
    %store/vec4 v0x55a3756fe410_0, 0, 20;
    %pushi/vec4 15, 0, 32;
    %store/vec4 v0x55a375714f30_0, 0, 32;
T_36.0 ;
    %load/vec4 v0x55a375714f30_0;
    %cmpi/s 0, 0, 32;
    %flag_inv 5; GE is !LT
    %jmp/0xz T_36.1, 5;
    %load/vec4 v0x55a3756fe410_0;
    %parti/s 4, 0, 2;
    %cmpi/u 5, 0, 4;
    %flag_inv 5; GE is !LT
    %jmp/0xz  T_36.2, 5;
    %load/vec4 v0x55a3756fe410_0;
    %parti/s 4, 0, 2;
    %addi 3, 0, 4;
    %ix/load 4, 0, 0;
    %flag_set/imm 4, 0;
    %store/vec4 v0x55a3756fe410_0, 4, 4;
T_36.2 ;
    %load/vec4 v0x55a3756fe410_0;
    %parti/s 4, 4, 4;
    %cmpi/u 5, 0, 4;
    %flag_inv 5; GE is !LT
    %jmp/0xz  T_36.4, 5;
    %load/vec4 v0x55a3756fe410_0;
    %parti/s 4, 4, 4;
    %addi 3, 0, 4;
    %ix/load 4, 4, 0;
    %flag_set/imm 4, 0;
    %store/vec4 v0x55a3756fe410_0, 4, 4;
T_36.4 ;
    %load/vec4 v0x55a3756fe410_0;
    %parti/s 4, 8, 5;
    %cmpi/u 5, 0, 4;
    %flag_inv 5; GE is !LT
    %jmp/0xz  T_36.6, 5;
    %load/vec4 v0x55a3756fe410_0;
    %parti/s 4, 8, 5;
    %addi 3, 0, 4;
    %ix/load 4, 8, 0;
    %flag_set/imm 4, 0;
    %store/vec4 v0x55a3756fe410_0, 4, 4;
T_36.6 ;
    %load/vec4 v0x55a3756fe410_0;
    %parti/s 4, 12, 5;
    %cmpi/u 5, 0, 4;
    %flag_inv 5; GE is !LT
    %jmp/0xz  T_36.8, 5;
    %load/vec4 v0x55a3756fe410_0;
    %parti/s 4, 12, 5;
    %addi 3, 0, 4;
    %ix/load 4, 12, 0;
    %flag_set/imm 4, 0;
    %store/vec4 v0x55a3756fe410_0, 4, 4;
T_36.8 ;
    %load/vec4 v0x55a3756fe410_0;
    %parti/s 4, 16, 6;
    %cmpi/u 5, 0, 4;
    %flag_inv 5; GE is !LT
    %jmp/0xz  T_36.10, 5;
    %load/vec4 v0x55a3756fe410_0;
    %parti/s 4, 16, 6;
    %addi 3, 0, 4;
    %ix/load 4, 16, 0;
    %flag_set/imm 4, 0;
    %store/vec4 v0x55a3756fe410_0, 4, 4;
T_36.10 ;
    %load/vec4 v0x55a3756fe410_0;
    %parti/s 19, 0, 2;
    %load/vec4 v0x55a375714420_0;
    %load/vec4 v0x55a375714f30_0;
    %part/s 1;
    %concat/vec4; draw_concat_vec4
    %store/vec4 v0x55a3756fe410_0, 0, 20;
    %load/vec4 v0x55a375714f30_0;
    %subi 1, 0, 32;
    %store/vec4 v0x55a375714f30_0, 0, 32;
    %jmp T_36.0;
T_36.1 ;
    %jmp T_36;
    .thread T_36, $push;
    .scope S_0x55a37574cee0;
T_37 ;
    %pushi/vec4 0, 0, 2;
    %store/vec4 v0x55a37574e050_0, 0, 2;
    %end;
    .thread T_37;
    .scope S_0x55a37574cee0;
T_38 ;
    %wait E_0x55a37574d250;
    %load/vec4 v0x55a37574ddd0_0;
    %flag_set/vec4 8;
    %jmp/0xz  T_38.0, 8;
    %pushi/vec4 0, 0, 2;
    %store/vec4 v0x55a37574de90_0, 0, 2;
    %jmp T_38.1;
T_38.0 ;
    %load/vec4 v0x55a37574d3d0_0;
    %load/vec4 v0x55a37574e050_0;
    %pushi/vec4 0, 0, 2;
    %cmp/ne;
    %flag_get/vec4 4;
    %and;
    %flag_set/vec4 8;
    %jmp/0xz  T_38.2, 8;
    %load/vec4 v0x55a37574e050_0;
    %subi 1, 0, 2;
    %store/vec4 v0x55a37574de90_0, 0, 2;
    %jmp T_38.3;
T_38.2 ;
    %load/vec4 v0x55a37574d2c0_0;
    %load/vec4 v0x55a37574e050_0;
    %pushi/vec4 2, 0, 2;
    %cmp/ne;
    %flag_get/vec4 4;
    %and;
    %flag_set/vec4 8;
    %jmp/0xz  T_38.4, 8;
    %load/vec4 v0x55a37574e050_0;
    %addi 1, 0, 2;
    %store/vec4 v0x55a37574de90_0, 0, 2;
    %jmp T_38.5;
T_38.4 ;
    %load/vec4 v0x55a37574e050_0;
    %store/vec4 v0x55a37574de90_0, 0, 2;
T_38.5 ;
T_38.3 ;
T_38.1 ;
    %jmp T_38;
    .thread T_38, $push;
    .scope S_0x55a37574cee0;
T_39 ;
    %wait E_0x55a375746bd0;
    %load/vec4 v0x55a37574de90_0;
    %assign/vec4 v0x55a37574e050_0, 0;
    %jmp T_39;
    .thread T_39;
    .scope S_0x55a37574cee0;
T_40 ;
    %wait E_0x55a37574d1b0;
    %load/vec4 v0x55a37574e050_0;
    %dup/vec4;
    %pushi/vec4 0, 0, 2;
    %cmp/u;
    %jmp/1 T_40.0, 6;
    %dup/vec4;
    %pushi/vec4 1, 0, 2;
    %cmp/u;
    %jmp/1 T_40.1, 6;
    %dup/vec4;
    %pushi/vec4 2, 0, 2;
    %cmp/u;
    %jmp/1 T_40.2, 6;
    %load/vec4 v0x55a37574df70_0;
    %ix/load 4, 2, 0;
    %flag_set/imm 4, 0;
    %load/vec4a v0x55a37574d7d0, 4;
    %concat/vec4; draw_concat_vec4
    %ix/load 4, 1, 0;
    %flag_set/imm 4, 0;
    %load/vec4a v0x55a37574d7d0, 4;
    %concat/vec4; draw_concat_vec4
    %ix/load 4, 0, 0;
    %flag_set/imm 4, 0;
    %load/vec4a v0x55a37574d7d0, 4;
    %concat/vec4; draw_concat_vec4
    %split/vec4 4;
    %ix/load 4, 0, 0;
    %flag_set/imm 4, 0;
    %store/vec4a v0x55a37574d580, 4, 0;
    %split/vec4 4;
    %ix/load 4, 1, 0;
    %flag_set/imm 4, 0;
    %store/vec4a v0x55a37574d580, 4, 0;
    %split/vec4 4;
    %ix/load 4, 2, 0;
    %flag_set/imm 4, 0;
    %store/vec4a v0x55a37574d580, 4, 0;
    %ix/load 4, 3, 0;
    %flag_set/imm 4, 0;
    %store/vec4a v0x55a37574d580, 4, 0;
    %jmp T_40.4;
T_40.0 ;
    %load/vec4 v0x55a37574df70_0;
    %ix/load 4, 2, 0;
    %flag_set/imm 4, 0;
    %load/vec4a v0x55a37574d7d0, 4;
    %concat/vec4; draw_concat_vec4
    %ix/load 4, 1, 0;
    %flag_set/imm 4, 0;
    %load/vec4a v0x55a37574d7d0, 4;
    %concat/vec4; draw_concat_vec4
    %ix/load 4, 0, 0;
    %flag_set/imm 4, 0;
    %load/vec4a v0x55a37574d7d0, 4;
    %concat/vec4; draw_concat_vec4
    %split/vec4 4;
    %ix/load 4, 0, 0;
    %flag_set/imm 4, 0;
    %store/vec4a v0x55a37574d580, 4, 0;
    %split/vec4 4;
    %ix/load 4, 1, 0;
    %flag_set/imm 4, 0;
    %store/vec4a v0x55a37574d580, 4, 0;
    %split/vec4 4;
    %ix/load 4, 2, 0;
    %flag_set/imm 4, 0;
    %store/vec4a v0x55a37574d580, 4, 0;
    %ix/load 4, 3, 0;
    %flag_set/imm 4, 0;
    %store/vec4a v0x55a37574d580, 4, 0;
    %jmp T_40.4;
T_40.1 ;
    %load/vec4 v0x55a37574df70_0;
    %ix/load 4, 3, 0;
    %flag_set/imm 4, 0;
    %load/vec4a v0x55a37574d7d0, 4;
    %concat/vec4; draw_concat_vec4
    %ix/load 4, 2, 0;
    %flag_set/imm 4, 0;
    %load/vec4a v0x55a37574d7d0, 4;
    %concat/vec4; draw_concat_vec4
    %ix/load 4, 1, 0;
    %flag_set/imm 4, 0;
    %load/vec4a v0x55a37574d7d0, 4;
    %concat/vec4; draw_concat_vec4
    %split/vec4 4;
    %ix/load 4, 0, 0;
    %flag_set/imm 4, 0;
    %store/vec4a v0x55a37574d580, 4, 0;
    %split/vec4 4;
    %ix/load 4, 1, 0;
    %flag_set/imm 4, 0;
    %store/vec4a v0x55a37574d580, 4, 0;
    %split/vec4 4;
    %ix/load 4, 2, 0;
    %flag_set/imm 4, 0;
    %store/vec4a v0x55a37574d580, 4, 0;
    %ix/load 4, 3, 0;
    %flag_set/imm 4, 0;
    %store/vec4a v0x55a37574d580, 4, 0;
    %jmp T_40.4;
T_40.2 ;
    %load/vec4 v0x55a37574df70_0;
    %ix/load 4, 4, 0;
    %flag_set/imm 4, 0;
    %load/vec4a v0x55a37574d7d0, 4;
    %concat/vec4; draw_concat_vec4
    %ix/load 4, 3, 0;
    %flag_set/imm 4, 0;
    %load/vec4a v0x55a37574d7d0, 4;
    %concat/vec4; draw_concat_vec4
    %ix/load 4, 2, 0;
    %flag_set/imm 4, 0;
    %load/vec4a v0x55a37574d7d0, 4;
    %concat/vec4; draw_concat_vec4
    %split/vec4 4;
    %ix/load 4, 0, 0;
    %flag_set/imm 4, 0;
    %store/vec4a v0x55a37574d580, 4, 0;
    %split/vec4 4;
    %ix/load 4, 1, 0;
    %flag_set/imm 4, 0;
    %store/vec4a v0x55a37574d580, 4, 0;
    %split/vec4 4;
    %ix/load 4, 2, 0;
    %flag_set/imm 4, 0;
    %store/vec4a v0x55a37574d580, 4, 0;
    %ix/load 4, 3, 0;
    %flag_set/imm 4, 0;
    %store/vec4a v0x55a37574d580, 4, 0;
    %jmp T_40.4;
T_40.4 ;
    %pop/vec4 1;
    %jmp T_40;
    .thread T_40, $push;
    .scope S_0x55a37574e250;
T_41 ;
    %pushi/vec4 14, 0, 4;
    %store/vec4 v0x55a37574f5a0_0, 0, 4;
    %end;
    .thread T_41;
    .scope S_0x55a37574e250;
T_42 ;
    %wait E_0x55a37574efa0;
    %load/vec4 v0x55a37574f5a0_0;
    %dup/vec4;
    %pushi/vec4 14, 0, 4;
    %cmp/u;
    %jmp/1 T_42.0, 6;
    %dup/vec4;
    %pushi/vec4 13, 0, 4;
    %cmp/u;
    %jmp/1 T_42.1, 6;
    %dup/vec4;
    %pushi/vec4 11, 0, 4;
    %cmp/u;
    %jmp/1 T_42.2, 6;
    %dup/vec4;
    %pushi/vec4 7, 0, 4;
    %cmp/u;
    %jmp/1 T_42.3, 6;
    %pushi/vec4 14, 0, 4;
    %store/vec4 v0x55a37574f390_0, 0, 4;
    %jmp T_42.5;
T_42.0 ;
    %pushi/vec4 13, 0, 4;
    %store/vec4 v0x55a37574f390_0, 0, 4;
    %jmp T_42.5;
T_42.1 ;
    %pushi/vec4 11, 0, 4;
    %store/vec4 v0x55a37574f390_0, 0, 4;
    %jmp T_42.5;
T_42.2 ;
    %pushi/vec4 7, 0, 4;
    %store/vec4 v0x55a37574f390_0, 0, 4;
    %jmp T_42.5;
T_42.3 ;
    %pushi/vec4 14, 0, 4;
    %store/vec4 v0x55a37574f390_0, 0, 4;
    %jmp T_42.5;
T_42.5 ;
    %pop/vec4 1;
    %jmp T_42;
    .thread T_42, $push;
    .scope S_0x55a37574e250;
T_43 ;
    %wait E_0x55a375746bd0;
    %load/vec4 v0x55a37574f390_0;
    %assign/vec4 v0x55a37574f5a0_0, 0;
    %jmp T_43;
    .thread T_43;
    .scope S_0x55a37574e250;
T_44 ;
    %wait E_0x55a37574ef30;
    %load/vec4 v0x55a37574f5a0_0;
    %dup/vec4;
    %pushi/vec4 14, 0, 4;
    %cmp/u;
    %jmp/1 T_44.0, 6;
    %dup/vec4;
    %pushi/vec4 13, 0, 4;
    %cmp/u;
    %jmp/1 T_44.1, 6;
    %dup/vec4;
    %pushi/vec4 11, 0, 4;
    %cmp/u;
    %jmp/1 T_44.2, 6;
    %dup/vec4;
    %pushi/vec4 7, 0, 4;
    %cmp/u;
    %jmp/1 T_44.3, 6;
    %ix/load 4, 0, 0;
    %flag_set/imm 4, 0;
    %load/vec4a v0x55a37574f240, 4;
    %parti/s 1, 3, 3;
    %ix/load 4, 0, 0;
    %flag_set/imm 4, 0;
    %load/vec4a v0x55a37574f240, 4;
    %parti/s 1, 2, 3;
    %concat/vec4; draw_concat_vec4
    %ix/load 4, 0, 0;
    %flag_set/imm 4, 0;
    %load/vec4a v0x55a37574f240, 4;
    %parti/s 1, 1, 2;
    %concat/vec4; draw_concat_vec4
    %ix/load 4, 0, 0;
    %flag_set/imm 4, 0;
    %load/vec4a v0x55a37574f240, 4;
    %parti/s 1, 0, 2;
    %concat/vec4; draw_concat_vec4
    %store/vec4 v0x55a37574f4c0_0, 0, 4;
    %jmp T_44.5;
T_44.0 ;
    %ix/load 4, 0, 0;
    %flag_set/imm 4, 0;
    %load/vec4a v0x55a37574f240, 4;
    %parti/s 1, 3, 3;
    %ix/load 4, 0, 0;
    %flag_set/imm 4, 0;
    %load/vec4a v0x55a37574f240, 4;
    %parti/s 1, 2, 3;
    %concat/vec4; draw_concat_vec4
    %ix/load 4, 0, 0;
    %flag_set/imm 4, 0;
    %load/vec4a v0x55a37574f240, 4;
    %parti/s 1, 1, 2;
    %concat/vec4; draw_concat_vec4
    %ix/load 4, 0, 0;
    %flag_set/imm 4, 0;
    %load/vec4a v0x55a37574f240, 4;
    %parti/s 1, 0, 2;
    %concat/vec4; draw_concat_vec4
    %store/vec4 v0x55a37574f4c0_0, 0, 4;
    %jmp T_44.5;
T_44.1 ;
    %ix/load 4, 1, 0;
    %flag_set/imm 4, 0;
    %load/vec4a v0x55a37574f240, 4;
    %parti/s 1, 3, 3;
    %ix/load 4, 1, 0;
    %flag_set/imm 4, 0;
    %load/vec4a v0x55a37574f240, 4;
    %parti/s 1, 2, 3;
    %concat/vec4; draw_concat_vec4
    %ix/load 4, 1, 0;
    %flag_set/imm 4, 0;
    %load/vec4a v0x55a37574f240, 4;
    %parti/s 1, 1, 2;
    %concat/vec4; draw_concat_vec4
    %ix/load 4, 1, 0;
    %flag_set/imm 4, 0;
    %load/vec4a v0x55a37574f240, 4;
    %parti/s 1, 0, 2;
    %concat/vec4; draw_concat_vec4
    %store/vec4 v0x55a37574f4c0_0, 0, 4;
    %jmp T_44.5;
T_44.2 ;
    %ix/load 4, 2, 0;
    %flag_set/imm 4, 0;
    %load/vec4a v0x55a37574f240, 4;
    %parti/s 1, 3, 3;
    %ix/load 4, 2, 0;
    %flag_set/imm 4, 0;
    %load/vec4a v0x55a37574f240, 4;
    %parti/s 1, 2, 3;
    %concat/vec4; draw_concat_vec4
    %ix/load 4, 2, 0;
    %flag_set/imm 4, 0;
    %load/vec4a v0x55a37574f240, 4;
    %parti/s 1, 1, 2;
    %concat/vec4; draw_concat_vec4
    %ix/load 4, 2, 0;
    %flag_set/imm 4, 0;
    %load/vec4a v0x55a37574f240, 4;
    %parti/s 1, 0, 2;
    %concat/vec4; draw_concat_vec4
    %store/vec4 v0x55a37574f4c0_0, 0, 4;
    %jmp T_44.5;
T_44.3 ;
    %ix/load 4, 3, 0;
    %flag_set/imm 4, 0;
    %load/vec4a v0x55a37574f240, 4;
    %parti/s 1, 3, 3;
    %ix/load 4, 3, 0;
    %flag_set/imm 4, 0;
    %load/vec4a v0x55a37574f240, 4;
    %parti/s 1, 2, 3;
    %concat/vec4; draw_concat_vec4
    %ix/load 4, 3, 0;
    %flag_set/imm 4, 0;
    %load/vec4a v0x55a37574f240, 4;
    %parti/s 1, 1, 2;
    %concat/vec4; draw_concat_vec4
    %ix/load 4, 3, 0;
    %flag_set/imm 4, 0;
    %load/vec4a v0x55a37574f240, 4;
    %parti/s 1, 0, 2;
    %concat/vec4; draw_concat_vec4
    %store/vec4 v0x55a37574f4c0_0, 0, 4;
    %jmp T_44.5;
T_44.5 ;
    %pop/vec4 1;
    %jmp T_44;
    .thread T_44, $push;
    .scope S_0x55a37574e250;
T_45 ;
    %wait E_0x55a37574d0c0;
    %load/vec4 v0x55a37574f4c0_0;
    %dup/vec4;
    %pushi/vec4 0, 0, 4;
    %cmp/u;
    %jmp/1 T_45.0, 6;
    %dup/vec4;
    %pushi/vec4 1, 0, 4;
    %cmp/u;
    %jmp/1 T_45.1, 6;
    %dup/vec4;
    %pushi/vec4 2, 0, 4;
    %cmp/u;
    %jmp/1 T_45.2, 6;
    %dup/vec4;
    %pushi/vec4 3, 0, 4;
    %cmp/u;
    %jmp/1 T_45.3, 6;
    %dup/vec4;
    %pushi/vec4 4, 0, 4;
    %cmp/u;
    %jmp/1 T_45.4, 6;
    %dup/vec4;
    %pushi/vec4 5, 0, 4;
    %cmp/u;
    %jmp/1 T_45.5, 6;
    %dup/vec4;
    %pushi/vec4 6, 0, 4;
    %cmp/u;
    %jmp/1 T_45.6, 6;
    %dup/vec4;
    %pushi/vec4 7, 0, 4;
    %cmp/u;
    %jmp/1 T_45.7, 6;
    %dup/vec4;
    %pushi/vec4 8, 0, 4;
    %cmp/u;
    %jmp/1 T_45.8, 6;
    %dup/vec4;
    %pushi/vec4 9, 0, 4;
    %cmp/u;
    %jmp/1 T_45.9, 6;
    %dup/vec4;
    %pushi/vec4 10, 0, 4;
    %cmp/u;
    %jmp/1 T_45.10, 6;
    %dup/vec4;
    %pushi/vec4 11, 0, 4;
    %cmp/u;
    %jmp/1 T_45.11, 6;
    %pushi/vec4 127, 0, 7;
    %store/vec4 v0x55a37574f680_0, 0, 7;
    %jmp T_45.13;
T_45.0 ;
    %pushi/vec4 1, 0, 7;
    %store/vec4 v0x55a37574f680_0, 0, 7;
    %jmp T_45.13;
T_45.1 ;
    %pushi/vec4 79, 0, 7;
    %store/vec4 v0x55a37574f680_0, 0, 7;
    %jmp T_45.13;
T_45.2 ;
    %pushi/vec4 18, 0, 7;
    %store/vec4 v0x55a37574f680_0, 0, 7;
    %jmp T_45.13;
T_45.3 ;
    %pushi/vec4 6, 0, 7;
    %store/vec4 v0x55a37574f680_0, 0, 7;
    %jmp T_45.13;
T_45.4 ;
    %pushi/vec4 76, 0, 7;
    %store/vec4 v0x55a37574f680_0, 0, 7;
    %jmp T_45.13;
T_45.5 ;
    %pushi/vec4 36, 0, 7;
    %store/vec4 v0x55a37574f680_0, 0, 7;
    %jmp T_45.13;
T_45.6 ;
    %pushi/vec4 32, 0, 7;
    %store/vec4 v0x55a37574f680_0, 0, 7;
    %jmp T_45.13;
T_45.7 ;
    %pushi/vec4 15, 0, 7;
    %store/vec4 v0x55a37574f680_0, 0, 7;
    %jmp T_45.13;
T_45.8 ;
    %pushi/vec4 0, 0, 7;
    %store/vec4 v0x55a37574f680_0, 0, 7;
    %jmp T_45.13;
T_45.9 ;
    %pushi/vec4 4, 0, 7;
    %store/vec4 v0x55a37574f680_0, 0, 7;
    %jmp T_45.13;
T_45.10 ;
    %pushi/vec4 126, 0, 7;
    %store/vec4 v0x55a37574f680_0, 0, 7;
    %jmp T_45.13;
T_45.11 ;
    %pushi/vec4 127, 0, 7;
    %store/vec4 v0x55a37574f680_0, 0, 7;
    %jmp T_45.13;
T_45.13 ;
    %pop/vec4 1;
    %jmp T_45;
    .thread T_45, $push;
    .scope S_0x55a37571bfb0;
T_46 ;
    %pushi/vec4 0, 0, 1;
    %store/vec4 v0x55a375750d90_0, 0, 1;
    %pushi/vec4 0, 0, 32;
    %store/vec4 v0x55a375750f20_0, 0, 32;
T_46.0 ;
    %load/vec4 v0x55a375750f20_0;
    %cmpi/s 3000, 0, 32;
    %jmp/0xz T_46.1, 5;
    %delay 20, 0;
    %load/vec4 v0x55a375750d90_0;
    %inv;
    %store/vec4 v0x55a375750d90_0, 0, 1;
    %load/vec4 v0x55a375750f20_0;
    %addi 1, 0, 32;
    %store/vec4 v0x55a375750f20_0, 0, 32;
    %jmp T_46.0;
T_46.1 ;
    %end;
    .thread T_46;
    .scope S_0x55a37571bfb0;
T_47 ;
    %vpi_call 2 22 "$dumpfile", "Simulation/simuation.vcd" {0 0 0};
    %vpi_call 2 23 "$dumpvars", 32'sb00000000000000000000000000000000, S_0x55a37571bfb0 {0 0 0};
    %pushi/vec4 0, 0, 1;
    %store/vec4 v0x55a375750cf0_0, 0, 1;
    %pushi/vec4 0, 0, 1;
    %store/vec4 v0x55a375750bb0_0, 0, 1;
    %pushi/vec4 0, 0, 1;
    %store/vec4 v0x55a375750c50_0, 0, 1;
    %pushi/vec4 0, 0, 8;
    %store/vec4 v0x55a375750970_0, 0, 8;
    %pushi/vec4 0, 0, 8;
    %store/vec4 v0x55a375750a50_0, 0, 8;
    %pushi/vec4 2, 0, 32;
T_47.0 %dup/vec4;
    %pushi/vec4 0, 0, 32;
    %cmp/s;
    %jmp/1xz T_47.1, 5;
    %jmp/1 T_47.1, 4;
    %pushi/vec4 1, 0, 32;
    %sub;
    %wait E_0x55a37572eea0;
    %jmp T_47.0;
T_47.1 ;
    %pop/vec4 1;
    %pushi/vec4 251, 0, 8;
    %store/vec4 v0x55a375750970_0, 0, 8;
    %pushi/vec4 3, 0, 8;
    %store/vec4 v0x55a375750a50_0, 0, 8;
    %pushi/vec4 5, 0, 32;
T_47.2 %dup/vec4;
    %pushi/vec4 0, 0, 32;
    %cmp/s;
    %jmp/1xz T_47.3, 5;
    %jmp/1 T_47.3, 4;
    %pushi/vec4 1, 0, 32;
    %sub;
    %wait E_0x55a37572eea0;
    %jmp T_47.2;
T_47.3 ;
    %pop/vec4 1;
    %pushi/vec4 1, 0, 1;
    %store/vec4 v0x55a375750cf0_0, 0, 1;
    %pushi/vec4 10, 0, 32;
T_47.4 %dup/vec4;
    %pushi/vec4 0, 0, 32;
    %cmp/s;
    %jmp/1xz T_47.5, 5;
    %jmp/1 T_47.5, 4;
    %pushi/vec4 1, 0, 32;
    %sub;
    %wait E_0x55a37572eea0;
    %jmp T_47.4;
T_47.5 ;
    %pop/vec4 1;
    %pushi/vec4 0, 0, 1;
    %store/vec4 v0x55a375750cf0_0, 0, 1;
    %pushi/vec4 3, 0, 32;
T_47.6 %dup/vec4;
    %pushi/vec4 0, 0, 32;
    %cmp/s;
    %jmp/1xz T_47.7, 5;
    %jmp/1 T_47.7, 4;
    %pushi/vec4 1, 0, 32;
    %sub;
    %wait E_0x55a37572eea0;
    %jmp T_47.6;
T_47.7 ;
    %pop/vec4 1;
    %pushi/vec4 1, 0, 1;
    %store/vec4 v0x55a375750bb0_0, 0, 1;
    %pushi/vec4 8, 0, 32;
T_47.8 %dup/vec4;
    %pushi/vec4 0, 0, 32;
    %cmp/s;
    %jmp/1xz T_47.9, 5;
    %jmp/1 T_47.9, 4;
    %pushi/vec4 1, 0, 32;
    %sub;
    %wait E_0x55a37572eea0;
    %jmp T_47.8;
T_47.9 ;
    %pop/vec4 1;
    %pushi/vec4 0, 0, 1;
    %store/vec4 v0x55a375750bb0_0, 0, 1;
    %pushi/vec4 7, 0, 32;
T_47.10 %dup/vec4;
    %pushi/vec4 0, 0, 32;
    %cmp/s;
    %jmp/1xz T_47.11, 5;
    %jmp/1 T_47.11, 4;
    %pushi/vec4 1, 0, 32;
    %sub;
    %wait E_0x55a37572eea0;
    %jmp T_47.10;
T_47.11 ;
    %pop/vec4 1;
    %pushi/vec4 1, 0, 1;
    %store/vec4 v0x55a375750bb0_0, 0, 1;
    %pushi/vec4 12, 0, 32;
T_47.12 %dup/vec4;
    %pushi/vec4 0, 0, 32;
    %cmp/s;
    %jmp/1xz T_47.13, 5;
    %jmp/1 T_47.13, 4;
    %pushi/vec4 1, 0, 32;
    %sub;
    %wait E_0x55a37572eea0;
    %jmp T_47.12;
T_47.13 ;
    %pop/vec4 1;
    %pushi/vec4 0, 0, 1;
    %store/vec4 v0x55a375750bb0_0, 0, 1;
    %pushi/vec4 8, 0, 32;
T_47.14 %dup/vec4;
    %pushi/vec4 0, 0, 32;
    %cmp/s;
    %jmp/1xz T_47.15, 5;
    %jmp/1 T_47.15, 4;
    %pushi/vec4 1, 0, 32;
    %sub;
    %wait E_0x55a37572eea0;
    %jmp T_47.14;
T_47.15 ;
    %pop/vec4 1;
    %pushi/vec4 1, 0, 1;
    %store/vec4 v0x55a375750c50_0, 0, 1;
    %pushi/vec4 9, 0, 32;
T_47.16 %dup/vec4;
    %pushi/vec4 0, 0, 32;
    %cmp/s;
    %jmp/1xz T_47.17, 5;
    %jmp/1 T_47.17, 4;
    %pushi/vec4 1, 0, 32;
    %sub;
    %wait E_0x55a37572eea0;
    %jmp T_47.16;
T_47.17 ;
    %pop/vec4 1;
    %pushi/vec4 0, 0, 1;
    %store/vec4 v0x55a375750c50_0, 0, 1;
    %pushi/vec4 9, 0, 32;
T_47.18 %dup/vec4;
    %pushi/vec4 0, 0, 32;
    %cmp/s;
    %jmp/1xz T_47.19, 5;
    %jmp/1 T_47.19, 4;
    %pushi/vec4 1, 0, 32;
    %sub;
    %wait E_0x55a37572eea0;
    %jmp T_47.18;
T_47.19 ;
    %pop/vec4 1;
    %pushi/vec4 1, 0, 1;
    %store/vec4 v0x55a375750c50_0, 0, 1;
    %pushi/vec4 16, 0, 32;
T_47.20 %dup/vec4;
    %pushi/vec4 0, 0, 32;
    %cmp/s;
    %jmp/1xz T_47.21, 5;
    %jmp/1 T_47.21, 4;
    %pushi/vec4 1, 0, 32;
    %sub;
    %wait E_0x55a37572eea0;
    %jmp T_47.20;
T_47.21 ;
    %pop/vec4 1;
    %pushi/vec4 0, 0, 1;
    %store/vec4 v0x55a375750c50_0, 0, 1;
    %wait E_0x55a37572eea0;
    %pushi/vec4 117, 0, 8;
    %store/vec4 v0x55a375750970_0, 0, 8;
    %pushi/vec4 254, 0, 8;
    %store/vec4 v0x55a375750a50_0, 0, 8;
    %pushi/vec4 5, 0, 32;
T_47.22 %dup/vec4;
    %pushi/vec4 0, 0, 32;
    %cmp/s;
    %jmp/1xz T_47.23, 5;
    %jmp/1 T_47.23, 4;
    %pushi/vec4 1, 0, 32;
    %sub;
    %wait E_0x55a37572eea0;
    %jmp T_47.22;
T_47.23 ;
    %pop/vec4 1;
    %pushi/vec4 1, 0, 1;
    %store/vec4 v0x55a375750cf0_0, 0, 1;
    %pushi/vec4 20, 0, 32;
T_47.24 %dup/vec4;
    %pushi/vec4 0, 0, 32;
    %cmp/s;
    %jmp/1xz T_47.25, 5;
    %jmp/1 T_47.25, 4;
    %pushi/vec4 1, 0, 32;
    %sub;
    %wait E_0x55a37572eea0;
    %jmp T_47.24;
T_47.25 ;
    %pop/vec4 1;
    %pushi/vec4 0, 0, 1;
    %store/vec4 v0x55a375750cf0_0, 0, 1;
    %pushi/vec4 127, 0, 8;
    %store/vec4 v0x55a375750970_0, 0, 8;
    %pushi/vec4 127, 0, 8;
    %store/vec4 v0x55a375750a50_0, 0, 8;
    %pushi/vec4 15, 0, 32;
T_47.26 %dup/vec4;
    %pushi/vec4 0, 0, 32;
    %cmp/s;
    %jmp/1xz T_47.27, 5;
    %jmp/1 T_47.27, 4;
    %pushi/vec4 1, 0, 32;
    %sub;
    %wait E_0x55a37572eea0;
    %jmp T_47.26;
T_47.27 ;
    %pop/vec4 1;
    %pushi/vec4 1, 0, 1;
    %store/vec4 v0x55a375750cf0_0, 0, 1;
    %end;
    .thread T_47;
# The file index is used to find the file name in the following table.
:file_names 16;
    "N/A";
    "<interactive>";
    "Project_tb.v";
    "Project.v";
    "Binary_to_BCD.v";
    "signed_sequential_multiplier.v";
    "multiplier_CU.v";
    "multiplier_DP.v";
    "clock_divider.v";
    "mod_n_counter.v";
    "push_button.v";
    "debouncer.v";
    "rising_edge_detector.v";
    "synchronizer.v";
    "DigitShifter.v";
    "SSD_render.v";
